-------------------------------------------
Model:RAYL_320_80_32000_8000.disp
Dispersion for a path:  26.250 -110.690 to  16.989 -149.001
Includes azimuthal anisotropy for Rayleigh waves
 f (mHz) c(PREM)       c  dc (%) U(PREM)       U  dU (%)
   4.000   4.918   4.905  -0.271   3.578   3.523  -1.522
   4.364   4.769   4.749  -0.418   3.568   3.510  -1.616
   4.727   4.650   4.625  -0.539   3.577   3.520  -1.589
   5.091   4.555   4.526  -0.629   3.594   3.543  -1.408
   5.455   4.477   4.446  -0.680   3.612   3.574  -1.040
   5.818   4.412   4.382  -0.691   3.630   3.607  -0.616
   6.182   4.358   4.329  -0.672   3.646   3.637  -0.236
   6.545   4.313   4.286  -0.633   3.660   3.663   0.065
   6.909   4.274   4.249  -0.585   3.674   3.683   0.251
   7.273   4.240   4.218  -0.535   3.685   3.696   0.295
   7.636   4.211   4.190  -0.490   3.696   3.708   0.309
   8.000   4.185   4.167  -0.449   3.706   3.719   0.338
   8.364   4.163   4.146  -0.410   3.716   3.730   0.386
   8.727   4.143   4.127  -0.372   3.725   3.742   0.457
   9.091   4.125   4.111  -0.333   3.733   3.754   0.556
   9.455   4.109   4.097  -0.293   3.741   3.767   0.687
   9.818   4.095   4.084  -0.251   3.749   3.780   0.831
  10.182   4.082   4.073  -0.207   3.756   3.793   0.979
  10.545   4.070   4.064  -0.160   3.763   3.806   1.130
  10.909   4.060   4.055  -0.112   3.770   3.818   1.284
  11.273   4.050   4.048  -0.062   3.776   3.831   1.440
  11.636   4.042   4.041  -0.010   3.782   3.843   1.598
  12.000   4.034   4.035   0.044   3.788   3.855   1.756
  12.364   4.026   4.030   0.099   3.794   3.866   1.915
  12.727   4.020   4.026   0.155   3.799   3.878   2.074
  13.091   4.014   4.022   0.213   3.804   3.889   2.234
  13.455   4.008   4.019   0.272   3.808   3.899   2.392
  13.818   4.003   4.016   0.331   3.812   3.910   2.550
  14.182   3.998   4.014   0.391   3.816   3.919   2.705
  14.545   3.994   4.012   0.453   3.820   3.929   2.858
  14.909   3.990   4.010   0.514   3.823   3.938   3.008
  15.273   3.986   4.009   0.577   3.826   3.947   3.155
  15.636   3.982   4.008   0.639   3.828   3.955   3.299
  16.000   3.979   4.007   0.702   3.831   3.963   3.448
  16.364   3.976   4.006   0.765   3.833   3.971   3.602
  16.727   3.973   4.006   0.829   3.834   3.979   3.761
  17.091   3.970   4.005   0.894   3.836   3.986   3.925
  17.455   3.967   4.005   0.959   3.837   3.994   4.095
  17.818   3.965   4.005   1.025   3.838   4.002   4.271
  18.182   3.962   4.005   1.092   3.839   4.010   4.454
  18.545   3.960   4.006   1.159   3.839   4.017   4.643
  18.909   3.958   4.006   1.228   3.839   4.025   4.840
  19.273   3.955   4.007   1.298   3.839   4.033   5.043
  19.636   3.953   4.007   1.369   3.839   4.040   5.243
  20.000   3.951   4.008   1.440   3.839   4.047   5.434
  20.364   3.949   4.009   1.512   3.838   4.053   5.613
  20.727   3.948   4.010   1.585   3.837   4.059   5.781
  21.091   3.946   4.011   1.658   3.836   4.064   5.936
  21.455   3.944   4.012   1.731   3.835   4.068   6.077
  21.818   3.942   4.013   1.803   3.834   4.072   6.202
  22.182   3.941   4.014   1.875   3.832   4.074   6.312
  22.545   3.939   4.015   1.947   3.831   4.076   6.404
  22.909   3.937   4.017   2.017   3.829   4.077   6.478
  23.273   3.936   4.018   2.086   3.827   4.077   6.533
  23.636   3.934   4.019   2.154   3.825   4.076   6.570
  24.000   3.932   4.020   2.220   3.822   4.075   6.603
  24.364   3.931   4.020   2.285   3.820   4.074   6.641
  24.727   3.929   4.021   2.349   3.818   4.073   6.683
  25.091   3.927   4.022   2.411   3.815   4.072   6.729
  25.455   3.926   4.023   2.473   3.812   4.071   6.781
  25.818   3.924   4.024   2.533   3.809   4.070   6.838
  26.182   3.923   4.024   2.593   3.806   4.069   6.902
  26.545   3.921   4.025   2.652   3.803   4.068   6.972
  26.909   3.920   4.026   2.710   3.800   4.067   7.050
  27.273   3.918   4.026   2.768   3.796   4.067   7.136
  27.636   3.916   4.027   2.825   3.793   4.067   7.230
  28.000   3.915   4.028   2.883   3.789   4.067   7.332
  28.364   3.913   4.028   2.940   3.785   4.067   7.444
  28.727   3.911   4.029   2.997   3.781   4.067   7.563
  29.091   3.910   4.029   3.055   3.777   4.068   7.689
  29.455   3.908   4.030   3.112   3.773   4.068   7.822
  29.818   3.906   4.030   3.170   3.769   4.069   7.963
  30.182   3.905   4.031   3.228   3.764   4.070   8.112
  30.545   3.903   4.031   3.287   3.760   4.071   8.270
  30.909   3.901   4.032   3.346   3.755   4.072   8.437
  31.273   3.900   4.032   3.405   3.750   4.073   8.612
  31.636   3.898   4.033   3.466   3.745   4.075   8.798
  32.000   3.896   4.033   3.527   3.740   4.077   8.993
  32.364   3.894   4.034   3.589   3.735   4.079   9.199
  32.727   3.892   4.035   3.652   3.730   4.081   9.416
  33.091   3.891   4.035   3.715   3.725   4.084   9.641
  33.455   3.889   4.036   3.780   3.719   4.085   9.849
  33.818   3.887   4.036   3.846   3.714   4.086  10.032
  34.182   3.885   4.037   3.912   3.708   4.086  10.191
  34.545   3.883   4.037   3.978   3.702   4.084  10.323
  34.909   3.881   4.038   4.044   3.696   4.081  10.428
  35.273   3.879   4.038   4.109   3.690   4.077  10.503
  35.636   3.877   4.039   4.174   3.683   4.072  10.549
  36.000   3.875   4.039   4.238   3.677   4.065  10.564
  36.364   3.873   4.039   4.301   3.670   4.058  10.547
  36.727   3.871   4.040   4.363   3.664   4.048  10.497
  37.091   3.869   4.040   4.423   3.657   4.038  10.413
  37.455   3.866   4.040   4.480   3.650   4.026  10.313
  37.818   3.864   4.039   4.536   3.643   4.017  10.283
  38.182   3.862   4.039   4.592   3.636   4.011  10.338
  38.545   3.860   4.039   4.647   3.628   4.009  10.481
  38.909   3.857   4.039   4.703   3.621   4.009  10.715
  39.273   3.855   4.039   4.761   3.613   4.012  11.044
  39.636   3.853   4.038   4.820   3.605   4.019  11.474
  40.000   3.850   4.038   4.884   3.597   4.029  12.008
